trainable params: 8,396,800 || all params: 6,615,748,608 || trainable%: 0.12692138860666938
20235
{'loss': 0.9233, 'learning_rate': 4.635447540011856e-05, 'epoch': 0.15}
{'eval_loss': 0.638311505317688, 'eval_val_loss': 0.6383076310157776, 'eval_accuracy': 0.7748148148148148, 'eval_precision': 0.7551020408163265, 'eval_recall': 0.8124629080118695, 'eval_f1': 0.7827329902801601, 'eval_AUC': 0.8445725422716978, 'eval_tpr_01': 0.10029673590504451, 'eval_tpr_001': 0.008902077151335312, 'eval_tpr_0001': 0.007121661721068249, 'eval_runtime': 362.1678, 'eval_samples_per_second': 9.319, 'eval_steps_per_second': 0.293, 'epoch': 0.15}
{'loss': 0.4868, 'learning_rate': 4.264967397747481e-05, 'epoch': 0.3}
{'eval_loss': 0.44944489002227783, 'eval_val_loss': 0.44944122433662415, 'eval_accuracy': 0.8684444444444445, 'eval_precision': 0.9063523248199084, 'eval_recall': 0.8213649851632048, 'eval_f1': 0.8617683686176838, 'eval_AUC': 0.9254218390602778, 'eval_tpr_01': 0.171513353115727, 'eval_tpr_001': 0.03323442136498516, 'eval_tpr_0001': 0.012462908011869436, 'eval_runtime': 363.1295, 'eval_samples_per_second': 9.294, 'eval_steps_per_second': 0.292, 'epoch': 0.3}
{'loss': 0.3673, 'learning_rate': 3.894487255483106e-05, 'epoch': 0.44}
{'eval_loss': 0.37392693758010864, 'eval_val_loss': 0.3739299178123474, 'eval_accuracy': 0.9099259259259259, 'eval_precision': 0.9127316198445905, 'eval_recall': 0.9062314540059347, 'eval_f1': 0.90946992257296, 'eval_AUC': 0.939707478095974, 'eval_tpr_01': 0.18991097922848665, 'eval_tpr_001': 0.03560830860534125, 'eval_tpr_0001': 0.0035608308605341245, 'eval_runtime': 364.2516, 'eval_samples_per_second': 9.266, 'eval_steps_per_second': 0.291, 'epoch': 0.44}
{'loss': 0.3114, 'learning_rate': 3.524007113218732e-05, 'epoch': 0.59}
{'eval_loss': 0.37964531779289246, 'eval_val_loss': 0.3796420693397522, 'eval_accuracy': 0.9167407407407407, 'eval_precision': 0.9158767772511849, 'eval_recall': 0.9175074183976261, 'eval_f1': 0.9166913726652831, 'eval_AUC': 0.9394465611995856, 'eval_tpr_01': 0.11394658753709198, 'eval_tpr_001': 0.05459940652818991, 'eval_tpr_0001': 0.021364985163204748, 'eval_runtime': 363.763, 'eval_samples_per_second': 9.278, 'eval_steps_per_second': 0.291, 'epoch': 0.59}
{'loss': 0.2928, 'learning_rate': 3.153526970954357e-05, 'epoch': 0.74}
{'eval_loss': 0.43932032585144043, 'eval_val_loss': 0.4393068850040436, 'eval_accuracy': 0.9111111111111111, 'eval_precision': 0.8923512747875354, 'eval_recall': 0.9347181008902077, 'eval_f1': 0.9130434782608695, 'eval_AUC': 0.9420269344898426, 'eval_tpr_01': 0.114540059347181, 'eval_tpr_001': 0.03560830860534125, 'eval_tpr_0001': 0.027893175074183978, 'eval_runtime': 362.275, 'eval_samples_per_second': 9.316, 'eval_steps_per_second': 0.293, 'epoch': 0.74}
{'loss': 0.2786, 'learning_rate': 2.7830468286899824e-05, 'epoch': 0.89}
{'eval_loss': 0.3813208043575287, 'eval_val_loss': 0.3813076913356781, 'eval_accuracy': 0.9176296296296297, 'eval_precision': 0.91701244813278, 'eval_recall': 0.9181008902077151, 'eval_f1': 0.9175563463819691, 'eval_AUC': 0.9407776587712675, 'eval_tpr_01': 0.22789317507418397, 'eval_tpr_001': 0.05400593471810089, 'eval_tpr_0001': 0.03382789317507418, 'eval_runtime': 361.8895, 'eval_samples_per_second': 9.326, 'eval_steps_per_second': 0.293, 'epoch': 0.89}
{'loss': 0.2303, 'learning_rate': 2.4125666864256077e-05, 'epoch': 1.04}
{'eval_loss': 0.47910717129707336, 'eval_val_loss': 0.4790860414505005, 'eval_accuracy': 0.9182222222222223, 'eval_precision': 0.914655679811654, 'eval_recall': 0.9222551928783382, 'eval_f1': 0.9184397163120568, 'eval_AUC': 0.9415407441223466, 'eval_tpr_01': 0.21602373887240356, 'eval_tpr_001': 0.07062314540059347, 'eval_tpr_0001': 0.06587537091988131, 'eval_runtime': 362.1386, 'eval_samples_per_second': 9.32, 'eval_steps_per_second': 0.293, 'epoch': 1.04}
{'loss': 0.1711, 'learning_rate': 2.042086544161233e-05, 'epoch': 1.19}
{'eval_loss': 0.4758504629135132, 'eval_val_loss': 0.4758337438106537, 'eval_accuracy': 0.9128888888888889, 'eval_precision': 0.9264255058246474, 'eval_recall': 0.8967359050445104, 'eval_f1': 0.9113389626055488, 'eval_AUC': 0.9356917107088301, 'eval_tpr_01': 0.19643916913946588, 'eval_tpr_001': 0.03323442136498516, 'eval_tpr_0001': 0.0314540059347181, 'eval_runtime': 362.153, 'eval_samples_per_second': 9.319, 'eval_steps_per_second': 0.293, 'epoch': 1.19}
{'loss': 0.1766, 'learning_rate': 1.6716064018968584e-05, 'epoch': 1.33}
{'eval_loss': 0.5058601498603821, 'eval_val_loss': 0.5058382749557495, 'eval_accuracy': 0.9131851851851852, 'eval_precision': 0.9079718640093787, 'eval_recall': 0.9192878338278931, 'eval_f1': 0.9135948097906222, 'eval_AUC': 0.9367471423805593, 'eval_tpr_01': 0.20771513353115728, 'eval_tpr_001': 0.06943620178041543, 'eval_tpr_0001': 0.039762611275964393, 'eval_runtime': 361.4411, 'eval_samples_per_second': 9.338, 'eval_steps_per_second': 0.293, 'epoch': 1.33}
{'loss': 0.1434, 'learning_rate': 1.3026081802015413e-05, 'epoch': 1.48}
{'eval_loss': 0.6307582259178162, 'eval_val_loss': 0.6307293772697449, 'eval_accuracy': 0.9114074074074074, 'eval_precision': 0.9081272084805654, 'eval_recall': 0.91513353115727, 'eval_f1': 0.9116169080697607, 'eval_AUC': 0.9367416992959107, 'eval_tpr_01': 0.20949554896142433, 'eval_tpr_001': 0.0, 'eval_tpr_0001': 0.0, 'eval_runtime': 363.4706, 'eval_samples_per_second': 9.285, 'eval_steps_per_second': 0.292, 'epoch': 1.48}
{'loss': 0.1397, 'learning_rate': 9.321280379371666e-06, 'epoch': 1.63}
{'eval_loss': 0.6267066597938538, 'eval_val_loss': 0.6266754865646362, 'eval_accuracy': 0.9128888888888889, 'eval_precision': 0.9103244837758112, 'eval_recall': 0.9157270029673591, 'eval_f1': 0.91301775147929, 'eval_AUC': 0.9355853071831159, 'eval_tpr_01': 0.15964391691394658, 'eval_tpr_001': 0.0, 'eval_tpr_0001': 0.0, 'eval_runtime': 361.6559, 'eval_samples_per_second': 9.332, 'eval_steps_per_second': 0.293, 'epoch': 1.63}
{'loss': 0.0871, 'learning_rate': 5.61647895672792e-06, 'epoch': 1.78}
{'eval_loss': 0.6421825885772705, 'eval_val_loss': 0.6421444416046143, 'eval_accuracy': 0.9057777777777778, 'eval_precision': 0.9066032123735871, 'eval_recall': 0.9044510385756677, 'eval_f1': 0.9055258467023173, 'eval_AUC': 0.9308652748757748, 'eval_tpr_01': 0.18753709198813057, 'eval_tpr_001': 0.0, 'eval_tpr_0001': 0.0, 'eval_runtime': 361.2107, 'eval_samples_per_second': 9.344, 'eval_steps_per_second': 0.293, 'epoch': 1.78}
{'loss': 0.1059, 'learning_rate': 1.9116775340841733e-06, 'epoch': 1.93}
{'eval_loss': 0.6954324841499329, 'eval_val_loss': 0.6953873038291931, 'eval_accuracy': 0.9063703703703704, 'eval_precision': 0.9000584453535944, 'eval_recall': 0.913946587537092, 'eval_f1': 0.9069493521790342, 'eval_AUC': 0.9318430986954156, 'eval_tpr_01': 0.18219584569732938, 'eval_tpr_001': 0.0, 'eval_tpr_0001': 0.0, 'eval_runtime': 363.5733, 'eval_samples_per_second': 9.283, 'eval_steps_per_second': 0.292, 'epoch': 1.93}
{'train_runtime': 13687.4208, 'train_samples_per_second': 2.957, 'train_steps_per_second': 0.247, 'train_loss': 0.2788992626255761, 'epoch': 2.0}
